<?xml version="1.0" encoding="UTF-8"?>
<!-- Generated by org.testng.reporters.JUnitReportReporter -->
<testsuite hostname="DESKTOP-Q13OS2E" failures="0" tests="1" name="runner.test_runner" time="62.712" errors="0" timestamp="10 Nov 2022 17:54:31 GMT">
  <testcase classname="runner.test_runner" name="runScenario" time="62.712"/>
</testsuite> <!-- runner.test_runner -->
