<?xml version="1.0" encoding="UTF-8"?>
<!-- Generated by org.testng.reporters.JUnitReportReporter -->
<testsuite hostname="DESKTOP-Q13OS2E" failures="0" tests="1" name="runner.test_runner" time="50.457" errors="0" timestamp="4 Nov 2022 11:03:27 GMT">
  <testcase classname="runner.test_runner" name="runScenario" time="50.457"/>
</testsuite> <!-- runner.test_runner -->
